#
# There is insufficient memory for the Java Runtime Environment to continue.
# Native memory allocation (malloc) failed to allocate 1273776 bytes for Chunk::new
# Possible reasons:
#   The system is out of physical RAM or swap space
#   In 32 bit mode, the process size limit was hit
# Possible solutions:
#   Reduce memory load on the system
#   Increase physical memory or swap space
#   Check if swap backing store is full
#   Use 64 bit Java on a 64 bit OS
#   Decrease Java heap size (-Xmx/-Xms)
#   Decrease number of Java threads
#   Decrease Java thread stack sizes (-Xss)
#   Set larger code cache with -XX:ReservedCodeCacheSize=
# This output file may be truncated or incomplete.
#
#  Out of Memory Error (allocation.cpp:390), pid=95376, tid=0x0000000000017744
#
# JRE version: OpenJDK Runtime Environment (8.0_76-b03) (build 1.8.0_76-release-b03)
# Java VM: OpenJDK 64-Bit Server VM (25.76-b03 mixed mode windows-amd64 compressed oops)
# Failed to write core dump. Minidumps are not enabled by default on client versions of Windows
#

---------------  T H R E A D  ---------------

Current thread (0x00000000169bd000):  JavaThread "C2 CompilerThread1" daemon [_thread_in_native, id=96068, stack(0x0000000018400000,0x0000000018500000)]

Stack: [0x0000000018400000,0x0000000018500000]
[error occurred during error reporting (printing stack bounds), id 0xc0000005]

Native frames: (J=compiled Java code, j=interpreted, Vv=VM code, C=native code)


Current CompileTask:
C2:2542274 14647       4       org.gradle.cache.internal.btree.BTreePersistentIndexedCache$IndexBlock::find (140 bytes)


---------------  P R O C E S S  ---------------

Java Threads: ( => current thread )
  0x000000001f0bf000 JavaThread "Stdin handler" [_thread_blocked, id=99312, stack(0x00000000221e0000,0x00000000222e0000)]
  0x000000001f0bd800 JavaThread "Asynchronous log dispatcher for org.gradle.launcher.daemon.server.DefaultDaemonConnection@2331bf63" [_thread_in_native, id=97728, stack(0x00000000220e0000,0x00000000221e0000)]
  0x000000001f0be800 JavaThread "Daemon worker Thread 2" [_thread_blocked, id=99276, stack(0x000000001a7c0000,0x000000001a8c0000)]
  0x000000001f0bd000 JavaThread "Cancel handler" [_thread_blocked, id=99220, stack(0x000000001a6c0000,0x000000001a7c0000)]
  0x000000001f0b9000 JavaThread "Handler for socket connection from /127.0.0.1:8893 to /127.0.0.1:9388" [_thread_in_native, id=99172, stack(0x000000001a5c0000,0x000000001a6c0000)]
  0x000000001f0b8000 JavaThread "Daemon Thread 2" [_thread_blocked, id=99268, stack(0x000000001a4c0000,0x000000001a5c0000)]
  0x0000000019c91000 JavaThread "pool-9-thread-4" [_thread_blocked, id=97172, stack(0x0000000026de0000,0x0000000026ee0000)]
  0x0000000019c92800 JavaThread "pool-9-thread-2" [_thread_blocked, id=97168, stack(0x0000000026ce0000,0x0000000026de0000)]
  0x0000000019c8b800 JavaThread "pool-9-thread-3" [_thread_blocked, id=97164, stack(0x0000000026be0000,0x0000000026ce0000)]
  0x0000000019c8e800 JavaThread "pool-9-thread-1" [_thread_blocked, id=97160, stack(0x0000000026ae0000,0x0000000026be0000)]
  0x0000000019c8c800 JavaThread "stdout" daemon [_thread_in_native, id=96884, stack(0x00000000261e0000,0x00000000262e0000)]
  0x000000001ec56800 JavaThread "stderr" daemon [_thread_in_native, id=96880, stack(0x00000000260e0000,0x00000000261e0000)]
  0x000000001ec55800 JavaThread "stdout" daemon [_thread_in_native, id=96844, stack(0x0000000025fe0000,0x00000000260e0000)]
  0x000000001ec57000 JavaThread "stderr" daemon [_thread_in_native, id=96840, stack(0x0000000025ee0000,0x0000000025fe0000)]
  0x000000001ec52000 JavaThread "stdout" daemon [_thread_in_native, id=96772, stack(0x0000000025de0000,0x0000000025ee0000)]
  0x000000001ec54000 JavaThread "stderr" daemon [_thread_in_native, id=96768, stack(0x0000000025ce0000,0x0000000025de0000)]
  0x000000001ec55000 JavaThread "stdout" daemon [_thread_in_native, id=96732, stack(0x0000000025be0000,0x0000000025ce0000)]
  0x000000001ec53800 JavaThread "stderr" daemon [_thread_in_native, id=96728, stack(0x0000000025ae0000,0x0000000025be0000)]
  0x000000001ec51000 JavaThread "stdout" daemon [_thread_in_native, id=96692, stack(0x00000000259e0000,0x0000000025ae0000)]
  0x000000001ec4d800 JavaThread "stderr" daemon [_thread_in_native, id=96688, stack(0x00000000258e0000,0x00000000259e0000)]
  0x000000001ec50800 JavaThread "stdout" daemon [_thread_in_native, id=96652, stack(0x00000000257e0000,0x00000000258e0000)]
  0x000000001ec4c800 JavaThread "stderr" daemon [_thread_in_native, id=96648, stack(0x00000000256e0000,0x00000000257e0000)]
  0x000000001ec4f800 JavaThread "stdout" daemon [_thread_in_native, id=96612, stack(0x00000000255e0000,0x00000000256e0000)]
  0x000000001ec4c000 JavaThread "stderr" daemon [_thread_in_native, id=96608, stack(0x00000000254e0000,0x00000000255e0000)]
  0x000000001ec4f000 JavaThread "stdout" daemon [_thread_in_native, id=96572, stack(0x00000000253e0000,0x00000000254e0000)]
  0x000000001ec4e000 JavaThread "stderr" daemon [_thread_in_native, id=96568, stack(0x00000000252e0000,0x00000000253e0000)]
  0x000000001ec49000 JavaThread "stdout" daemon [_thread_in_native, id=96532, stack(0x00000000251e0000,0x00000000252e0000)]
  0x000000001ec48000 JavaThread "stderr" daemon [_thread_in_native, id=96528, stack(0x00000000250e0000,0x00000000251e0000)]
  0x000000001ec4b000 JavaThread "stdout" daemon [_thread_in_native, id=96492, stack(0x0000000024fe0000,0x00000000250e0000)]
  0x000000001ec4a800 JavaThread "stderr" daemon [_thread_in_native, id=96488, stack(0x0000000024ee0000,0x0000000024fe0000)]
  0x000000001ec49800 JavaThread "stdout" daemon [_thread_in_native, id=96452, stack(0x0000000024de0000,0x0000000024ee0000)]
  0x000000001bce2000 JavaThread "stderr" daemon [_thread_in_native, id=96448, stack(0x0000000023be0000,0x0000000023ce0000)]
  0x000000001b85c000 JavaThread "stdout" daemon [_thread_in_native, id=96408, stack(0x0000000024ce0000,0x0000000024de0000)]
  0x000000001bceb000 JavaThread "stderr" daemon [_thread_in_native, id=96404, stack(0x0000000024be0000,0x0000000024ce0000)]
  0x000000001bcec800 JavaThread "stdout" daemon [_thread_in_native, id=96368, stack(0x00000000249e0000,0x0000000024ae0000)]
  0x000000001bcec000 JavaThread "stderr" daemon [_thread_in_native, id=96364, stack(0x00000000248e0000,0x00000000249e0000)]
  0x000000001bce7800 JavaThread "stdout" daemon [_thread_in_native, id=96324, stack(0x00000000247e0000,0x00000000248e0000)]
  0x000000001bcea800 JavaThread "stderr" daemon [_thread_in_native, id=96320, stack(0x00000000246e0000,0x00000000247e0000)]
  0x000000001bce6800 JavaThread "stdout" daemon [_thread_in_native, id=96280, stack(0x00000000245e0000,0x00000000246e0000)]
  0x000000001bce9800 JavaThread "stderr" daemon [_thread_in_native, id=96276, stack(0x00000000244e0000,0x00000000245e0000)]
  0x000000001bce6000 JavaThread "stdout" daemon [_thread_in_native, id=95764, stack(0x00000000243e0000,0x00000000244e0000)]
  0x000000001bce9000 JavaThread "stderr" daemon [_thread_in_native, id=95796, stack(0x00000000242e0000,0x00000000243e0000)]
  0x000000001bce5000 JavaThread "stdout" daemon [_thread_in_native, id=95220, stack(0x00000000241e0000,0x00000000242e0000)]
  0x000000001bce8000 JavaThread "stderr" daemon [_thread_in_native, id=95688, stack(0x00000000240e0000,0x00000000241e0000)]
  0x000000001bce3000 JavaThread "stdout" daemon [_thread_in_native, id=94728, stack(0x0000000023fe0000,0x00000000240e0000)]
  0x000000001bce4800 JavaThread "stderr" daemon [_thread_in_native, id=95668, stack(0x0000000023ee0000,0x0000000023fe0000)]
  0x000000001bce3800 JavaThread "stdout" daemon [_thread_in_native, id=96136, stack(0x0000000023de0000,0x0000000023ee0000)]
  0x000000001bcdf000 JavaThread "stderr" daemon [_thread_in_native, id=95100, stack(0x0000000023ce0000,0x0000000023de0000)]
  0x000000001bcde800 JavaThread "stdout" daemon [_thread_in_native, id=95888, stack(0x0000000023ae0000,0x0000000023be0000)]
  0x000000001bce0800 JavaThread "stderr" daemon [_thread_in_native, id=93960, stack(0x00000000239e0000,0x0000000023ae0000)]
  0x000000001bce1800 JavaThread "png-cruncher_20" daemon [_thread_blocked, id=96164, stack(0x00000000238e0000,0x00000000239e0000)]
  0x000000001bcdd800 JavaThread "png-cruncher_19" daemon [_thread_blocked, id=94484, stack(0x00000000237e0000,0x00000000238e0000)]
  0x000000001bce0000 JavaThread "png-cruncher_18" daemon [_thread_blocked, id=93268, stack(0x00000000236e0000,0x00000000237e0000)]
  0x000000001b85d800 JavaThread "png-cruncher_17" daemon [_thread_blocked, id=95700, stack(0x00000000235e0000,0x00000000236e0000)]
  0x000000001dbf4800 JavaThread "png-cruncher_16" daemon [_thread_blocked, id=95004, stack(0x00000000234e0000,0x00000000235e0000)]
  0x000000001dbf3000 JavaThread "png-cruncher_15" daemon [_thread_blocked, id=94080, stack(0x00000000233e0000,0x00000000234e0000)]
  0x000000001dbf0800 JavaThread "png-cruncher_14" daemon [_thread_blocked, id=95876, stack(0x00000000232e0000,0x00000000233e0000)]
  0x000000001dbf3800 JavaThread "png-cruncher_13" daemon [_thread_blocked, id=96108, stack(0x00000000231e0000,0x00000000232e0000)]
  0x000000001dbf0000 JavaThread "png-cruncher_12" daemon [_thread_blocked, id=96112, stack(0x00000000230e0000,0x00000000231e0000)]
  0x000000001dbf1800 JavaThread "png-cruncher_11" daemon [_thread_blocked, id=95488, stack(0x0000000022fe0000,0x00000000230e0000)]
  0x000000001dbf2000 JavaThread "png-cruncher_10" daemon [_thread_blocked, id=95312, stack(0x0000000022ee0000,0x0000000022fe0000)]
  0x000000001dbec000 JavaThread "png-cruncher_9" daemon [_thread_blocked, id=96228, stack(0x0000000022de0000,0x0000000022ee0000)]
  0x000000001dbef000 JavaThread "png-cruncher_8" daemon [_thread_blocked, id=37420, stack(0x0000000022ce0000,0x0000000022de0000)]
  0x000000001dbeb800 JavaThread "png-cruncher_7" daemon [_thread_blocked, id=85960, stack(0x0000000022be0000,0x0000000022ce0000)]
  0x000000001dbed000 JavaThread "png-cruncher_6" daemon [_thread_blocked, id=94508, stack(0x0000000022ae0000,0x0000000022be0000)]
  0x000000001dbee800 JavaThread "png-cruncher_5" daemon [_thread_blocked, id=94820, stack(0x00000000229e0000,0x0000000022ae0000)]
  0x000000001dbed800 JavaThread "png-cruncher_4" daemon [_thread_blocked, id=96132, stack(0x00000000228e0000,0x00000000229e0000)]
  0x000000001dbea800 JavaThread "png-cruncher_3" daemon [_thread_blocked, id=94792, stack(0x00000000227e0000,0x00000000228e0000)]
  0x000000001dbe7000 JavaThread "png-cruncher_2" daemon [_thread_blocked, id=94924, stack(0x00000000226e0000,0x00000000227e0000)]
  0x000000001dbea000 JavaThread "png-cruncher_1" daemon [_thread_blocked, id=96248, stack(0x00000000225e0000,0x00000000226e0000)]
  0x000000001b859000 JavaThread "pool-2-thread-1" [_thread_blocked, id=95516, stack(0x000000001d560000,0x000000001d660000)]
  0x000000001d8fc800 JavaThread "File lock request listener" [_thread_in_native, id=94092, stack(0x000000001d460000,0x000000001d560000)]
  0x000000001956e000 JavaThread "pool-1-thread-1" [_thread_blocked, id=95584, stack(0x000000001a3c0000,0x000000001a4c0000)]
  0x0000000019758800 JavaThread "Incoming local TCP Connector on port 8893" [_thread_in_native, id=23596, stack(0x0000000019040000,0x0000000019140000)]
  0x0000000017d7b000 JavaThread "Service Thread" daemon [_thread_blocked, id=90876, stack(0x0000000018600000,0x0000000018700000)]
  0x00000000169be000 JavaThread "C1 CompilerThread2" daemon [_thread_blocked, id=95504, stack(0x0000000018500000,0x0000000018600000)]
=>0x00000000169bd000 JavaThread "C2 CompilerThread1" daemon [_thread_in_native, id=96068, stack(0x0000000018400000,0x0000000018500000)]
  0x00000000169ba000 JavaThread "C2 CompilerThread0" daemon [_thread_in_native, id=94420, stack(0x0000000018300000,0x0000000018400000)]
  0x0000000016968800 JavaThread "Attach Listener" daemon [_thread_blocked, id=95808, stack(0x0000000018200000,0x0000000018300000)]
  0x0000000017d08800 JavaThread "Signal Dispatcher" daemon [_thread_blocked, id=95944, stack(0x0000000018100000,0x0000000018200000)]
  0x0000000016948000 JavaThread "Finalizer" daemon [_thread_blocked, id=39144, stack(0x0000000017bb0000,0x0000000017cb0000)]
  0x0000000002fdf000 JavaThread "Reference Handler" daemon [_thread_blocked, id=93332, stack(0x0000000017ab0000,0x0000000017bb0000)]
  0x0000000002ef0800 JavaThread "main" [_thread_blocked, id=94584, stack(0x0000000002a70000,0x0000000002b70000)]

Other Threads:
  0x0000000016926000 VMThread [stack: 0x00000000179b0000,0x0000000017ab0000] [id=95772]
  0x0000000017d8b800 WatcherThread [stack: 0x0000000018700000,0x0000000018800000] [id=96168]

VM state:not at safepoint (normal execution)

VM Mutex/Monitor currently owned by a thread: None

Heap:
 PSYoungGen      total 468480K, used 150039K [0x00000000e0000000, 0x0000000100000000, 0x0000000100000000)
  eden space 412160K, 36% used [0x00000000e0000000,0x00000000e9285e20,0x00000000f9280000)
  from space 56320K, 0% used [0x00000000fc900000,0x00000000fc900000,0x0000000100000000)
  to   space 55808K, 0% used [0x00000000f9280000,0x00000000f9280000,0x00000000fc900000)
 ParOldGen       total 195584K, used 39073K [0x00000000a0000000, 0x00000000abf00000, 0x00000000e0000000)
  object space 195584K, 19% used [0x00000000a0000000,0x00000000a26285b8,0x00000000abf00000)
 Metaspace       used 67199K, capacity 69026K, committed 69288K, reserved 1110016K
  class space    used 8469K, capacity 8867K, committed 8880K, reserved 1048576K

Card table byte_map: [0x00000000123b0000,0x00000000126c0000] byte_map_base: 0x0000000011eb0000

Marking Bits: (ParMarkBitMap*) 0x00000000719d9d00
 Begin Bits: [0x0000000012cc0000, 0x00000000144c0000)
 End Bits:   [0x00000000144c0000, 0x0000000015cc0000)

Polling page: 0x0000000001200000

CodeCache: size=245760Kb used=40483Kb max_used=40483Kb free=205276Kb
 bounds [0x0000000002ff0000, 0x00000000057b0000, 0x0000000011ff0000]
 total_blobs=12739 nmethods=11984 adapters=667
 compilation: enabled

Compilation events (10 events):
Event: 2541.347 Thread 0x00000000169be000 14659       3       org.gradle.api.specs.AndSpec::isSatisfiedBy (48 bytes)
Event: 2541.347 Thread 0x00000000169be000 nmethod 14659 0x00000000057a37d0 code [0x00000000057a3940, 0x00000000057a3d28]
Event: 2541.377 Thread 0x00000000169ba000 14660   !   4       java.nio.file.FileTreeWalker::next (144 bytes)
Event: 2541.381 Thread 0x00000000169be000 14661       3       org.gradle.api.internal.changedetection.state.OutputFilesCollectionSnapshotter::getRoots (72 bytes)
Event: 2541.382 Thread 0x00000000169be000 nmethod 14661 0x00000000057a1ed0 code [0x00000000057a2140, 0x00000000057a3148]
Event: 2541.409 Thread 0x00000000169be000 14662       3       org.gradle.internal.typeconversion.TypeInfo::<init> (28 bytes)
Event: 2541.410 Thread 0x00000000169be000 nmethod 14662 0x00000000057a0050 code [0x00000000057a01c0, 0x00000000057a0390]
Event: 2541.455 Thread 0x00000000169be000 14663   !   3       sun.nio.ch.IOUtil::write (142 bytes)
Event: 2541.458 Thread 0x00000000169be000 nmethod 14663 0x00000000057a9f10 code [0x00000000057aa100, 0x00000000057aa9d8]
Event: 2541.458 Thread 0x00000000169be000 14664   !   3       sun.nio.ch.SocketChannelImpl::ensureWriteOpen (63 bytes)

GC Heap History (10 events):
Event: 33.646 GC heap before
{Heap before GC invocations=24 (full 5):
 PSYoungGen      total 429056K, used 3072K [0x00000000e0000000, 0x0000000100000000, 0x0000000100000000)
  eden space 379392K, 0% used [0x00000000e0000000,0x00000000e0000000,0x00000000f7280000)
  from space 49664K, 6% used [0x00000000f7280000,0x00000000f7580000,0x00000000fa300000)
  to   space 49152K, 0% used [0x00000000fd000000,0x00000000fd000000,0x0000000100000000)
 ParOldGen       total 145920K, used 122914K [0x00000000a0000000, 0x00000000a8e80000, 0x00000000e0000000)
  object space 145920K, 84% used [0x00000000a0000000,0x00000000a7808820,0x00000000a8e80000)
 Metaspace       used 63369K, capacity 65046K, committed 65320K, reserved 1105920K
  class space    used 8072K, capacity 8443K, committed 8496K, reserved 1048576K
Event: 34.282 GC heap after
Heap after GC invocations=24 (full 5):
 PSYoungGen      total 429056K, used 0K [0x00000000e0000000, 0x0000000100000000, 0x0000000100000000)
  eden space 379392K, 0% used [0x00000000e0000000,0x00000000e0000000,0x00000000f7280000)
  from space 49664K, 0% used [0x00000000f7280000,0x00000000f7280000,0x00000000fa300000)
  to   space 49152K, 0% used [0x00000000fd000000,0x00000000fd000000,0x0000000100000000)
 ParOldGen       total 195584K, used 109632K [0x00000000a0000000, 0x00000000abf00000, 0x00000000e0000000)
  object space 195584K, 56% used [0x00000000a0000000,0x00000000a6b10238,0x00000000abf00000)
 Metaspace       used 63369K, capacity 65046K, committed 65320K, reserved 1105920K
  class space    used 8072K, capacity 8443K, committed 8496K, reserved 1048576K
}
Event: 36.108 GC heap before
{Heap before GC invocations=25 (full 5):
 PSYoungGen      total 429056K, used 379392K [0x00000000e0000000, 0x0000000100000000, 0x0000000100000000)
  eden space 379392K, 100% used [0x00000000e0000000,0x00000000f7280000,0x00000000f7280000)
  from space 49664K, 0% used [0x00000000f7280000,0x00000000f7280000,0x00000000fa300000)
  to   space 49152K, 0% used [0x00000000fd000000,0x00000000fd000000,0x0000000100000000)
 ParOldGen       total 195584K, used 109632K [0x00000000a0000000, 0x00000000abf00000, 0x00000000e0000000)
  object space 195584K, 56% used [0x00000000a0000000,0x00000000a6b10238,0x00000000abf00000)
 Metaspace       used 63395K, capacity 65174K, committed 65320K, reserved 1105920K
  class space    used 8072K, capacity 8443K, committed 8496K, reserved 1048576K
Event: 36.244 GC heap after
Heap after GC invocations=25 (full 5):
 PSYoungGen      total 454656K, used 49140K [0x00000000e0000000, 0x0000000100000000, 0x0000000100000000)
  eden space 405504K, 0% used [0x00000000e0000000,0x00000000e0000000,0x00000000f8c00000)
  from space 49152K, 99% used [0x00000000fd000000,0x00000000ffffd0e8,0x0000000100000000)
  to   space 59392K, 0% used [0x00000000f8c00000,0x00000000f8c00000,0x00000000fc600000)
 ParOldGen       total 195584K, used 113287K [0x00000000a0000000, 0x00000000abf00000, 0x00000000e0000000)
  object space 195584K, 57% used [0x00000000a0000000,0x00000000a6ea1d10,0x00000000abf00000)
 Metaspace       used 63395K, capacity 65174K, committed 65320K, reserved 1105920K
  class space    used 8072K, capacity 8443K, committed 8496K, reserved 1048576K
}
Event: 39.096 GC heap before
{Heap before GC invocations=26 (full 5):
 PSYoungGen      total 454656K, used 454173K [0x00000000e0000000, 0x0000000100000000, 0x0000000100000000)
  eden space 405504K, 99% used [0x00000000e0000000,0x00000000f8b8a368,0x00000000f8c00000)
  from space 49152K, 99% used [0x00000000fd000000,0x00000000ffffd0e8,0x0000000100000000)
  to   space 59392K, 0% used [0x00000000f8c00000,0x00000000f8c00000,0x00000000fc600000)
 ParOldGen       total 195584K, used 113287K [0x00000000a0000000, 0x00000000abf00000, 0x00000000e0000000)
  object space 195584K, 57% used [0x00000000a0000000,0x00000000a6ea1d10,0x00000000abf00000)
 Metaspace       used 65033K, capacity 66776K, committed 67112K, reserved 1107968K
  class space    used 8280K, capacity 8676K, committed 8752K, reserved 1048576K
Event: 39.199 GC heap after
Heap after GC invocations=26 (full 5):
 PSYoungGen      total 464896K, used 13486K [0x00000000e0000000, 0x0000000100000000, 0x0000000100000000)
  eden space 405504K, 0% used [0x00000000e0000000,0x00000000e0000000,0x00000000f8c00000)
  from space 59392K, 22% used [0x00000000f8c00000,0x00000000f992bba8,0x00000000fc600000)
  to   space 56320K, 0% used [0x00000000fc900000,0x00000000fc900000,0x0000000100000000)
 ParOldGen       total 195584K, used 136913K [0x00000000a0000000, 0x00000000abf00000, 0x00000000e0000000)
  object space 195584K, 70% used [0x00000000a0000000,0x00000000a85b46d8,0x00000000abf00000)
 Metaspace       used 65033K, capacity 66776K, committed 67112K, reserved 1107968K
  class space    used 8280K, capacity 8676K, committed 8752K, reserved 1048576K
}
Event: 39.711 GC heap before
{Heap before GC invocations=27 (full 5):
 PSYoungGen      total 464896K, used 44226K [0x00000000e0000000, 0x0000000100000000, 0x0000000100000000)
  eden space 405504K, 7% used [0x00000000e0000000,0x00000000e1e04da8,0x00000000f8c00000)
  from space 59392K, 22% used [0x00000000f8c00000,0x00000000f992bba8,0x00000000fc600000)
  to   space 56320K, 0% used [0x00000000fc900000,0x00000000fc900000,0x0000000100000000)
 ParOldGen       total 195584K, used 136913K [0x00000000a0000000, 0x00000000abf00000, 0x00000000e0000000)
  object space 195584K, 70% used [0x00000000a0000000,0x00000000a85b46d8,0x00000000abf00000)
 Metaspace       used 66496K, capacity 68166K, committed 68264K, reserved 1107968K
  class space    used 8443K, capacity 8837K, committed 8880K, reserved 1048576K
Event: 39.753 GC heap after
Heap after GC invocations=27 (full 5):
 PSYoungGen      total 468480K, used 1447K [0x00000000e0000000, 0x0000000100000000, 0x0000000100000000)
  eden space 412160K, 0% used [0x00000000e0000000,0x00000000e0000000,0x00000000f9280000)
  from space 56320K, 2% used [0x00000000fc900000,0x00000000fca69f88,0x0000000100000000)
  to   space 55808K, 0% used [0x00000000f9280000,0x00000000f9280000,0x00000000fc900000)
 ParOldGen       total 195584K, used 145503K [0x00000000a0000000, 0x00000000abf00000, 0x00000000e0000000)
  object space 195584K, 74% used [0x00000000a0000000,0x00000000a8e17c20,0x00000000abf00000)
 Metaspace       used 66496K, capacity 68166K, committed 68264K, reserved 1107968K
  class space    used 8443K, capacity 8837K, committed 8880K, reserved 1048576K
}
Event: 39.753 GC heap before
{Heap before GC invocations=28 (full 6):
 PSYoungGen      total 468480K, used 1447K [0x00000000e0000000, 0x0000000100000000, 0x0000000100000000)
  eden space 412160K, 0% used [0x00000000e0000000,0x00000000e0000000,0x00000000f9280000)
  from space 56320K, 2% used [0x00000000fc900000,0x00000000fca69f88,0x0000000100000000)
  to   space 55808K, 0% used [0x00000000f9280000,0x00000000f9280000,0x00000000fc900000)
 ParOldGen       total 195584K, used 145503K [0x00000000a0000000, 0x00000000abf00000, 0x00000000e0000000)
  object space 195584K, 74% used [0x00000000a0000000,0x00000000a8e17c20,0x00000000abf00000)
 Metaspace       used 66496K, capacity 68166K, committed 68264K, reserved 1107968K
  class space    used 8443K, capacity 8837K, committed 8880K, reserved 1048576K
Event: 40.127 GC heap after
Heap after GC invocations=28 (full 6):
 PSYoungGen      total 468480K, used 0K [0x00000000e0000000, 0x0000000100000000, 0x0000000100000000)
  eden space 412160K, 0% used [0x00000000e0000000,0x00000000e0000000,0x00000000f9280000)
  from space 56320K, 0% used [0x00000000fc900000,0x00000000fc900000,0x0000000100000000)
  to   space 55808K, 0% used [0x00000000f9280000,0x00000000f9280000,0x00000000fc900000)
 ParOldGen       total 195584K, used 39073K [0x00000000a0000000, 0x00000000abf00000, 0x00000000e0000000)
  object space 195584K, 19% used [0x00000000a0000000,0x00000000a26285b8,0x00000000abf00000)
 Metaspace       used 66496K, capacity 68166K, committed 68264K, reserved 1107968K
  class space    used 8443K, capacity 8837K, committed 8880K, reserved 1048576K
}

Deoptimization events (10 events):
Event: 2533.484 Thread 0x000000001f0be800 Uncommon trap: reason=unstable_if action=reinterpret pc=0x000000000430870c method=com.google.common.collect.MapMakerInternalMap$Segment.put(Ljava/lang/Object;ILjava/lang/Object;Z)Ljava/lang/Object; @ 92
Event: 2533.486 Thread 0x000000001f0be800 Uncommon trap: reason=class_check action=maybe_recompile pc=0x00000000039ef734 method=com.google.common.cache.LocalCache$Segment.getFirst(I)Lcom/google/common/cache/LocalCache$ReferenceEntry; @ 17
Event: 2533.487 Thread 0x000000001f0be800 Uncommon trap: reason=class_check action=maybe_recompile pc=0x00000000039ef734 method=com.google.common.cache.LocalCache$Segment.getFirst(I)Lcom/google/common/cache/LocalCache$ReferenceEntry; @ 17
Event: 2534.587 Thread 0x000000001f0be800 Uncommon trap: reason=null_check action=make_not_entrant pc=0x00000000042ca5c4 method=sun.nio.fs.NativeBuffers.getNativeBufferFromCache(I)Lsun/nio/fs/NativeBuffer; @ 6
Event: 2534.638 Thread 0x000000001f0be800 Uncommon trap: reason=class_check action=maybe_recompile pc=0x00000000047542d8 method=com.google.common.collect.AbstractMapBasedMultimap$WrappedCollection.refreshIfEmpty()V @ 40
Event: 2534.638 Thread 0x000000001f0be800 Uncommon trap: reason=class_check action=maybe_recompile pc=0x000000000371b198 method=com.google.common.collect.AbstractMapBasedMultimap.iteratorOrListIterator(Ljava/util/Collection;)Ljava/util/Iterator; @ 1
Event: 2534.638 Thread 0x000000001f0be800 Uncommon trap: reason=class_check action=maybe_recompile pc=0x0000000004d2126c method=com.google.common.collect.AbstractMapBasedMultimap$WrappedCollection.refreshIfEmpty()V @ 40
Event: 2534.638 Thread 0x000000001f0be800 Uncommon trap: reason=class_check action=maybe_recompile pc=0x0000000003103ab0 method=com.google.common.collect.AbstractMapBasedMultimap$WrappedCollection.refreshIfEmpty()V @ 40
Event: 2534.776 Thread 0x000000001f0be800 Uncommon trap: reason=unstable_if action=reinterpret pc=0x000000000366a9d8 method=com.google.common.cache.LocalCache.isExpired(Lcom/google/common/cache/LocalCache$ReferenceEntry;J)Z @ 9
Event: 2535.439 Thread 0x000000001f0be800 Uncommon trap: reason=unstable_if action=reinterpret pc=0x000000000462f30c method=com.sun.org.apache.xerces.internal.impl.XMLEntityScanner.scanContent(Lcom/sun/org/apache/xerces/internal/xni/XMLString;)I @ 385

Internal exceptions (10 events):
Event: 40.165 Thread 0x00000000195c8800 Exception <a 'java/lang/NoSuchMethodError': <clinit>> (0x00000000e0baf928) thrown at [C:\src\android\AOSP-openjdk\external\jetbrains\jdk\hotspot\src\share\vm\prims\jni.cpp, line 1591]
Event: 607.507 Thread 0x000000001b859000 Implicit null exception at 0x0000000004d8433e to 0x0000000004d84799
Event: 607.509 Thread 0x000000001b859000 Exception <a 'sun/nio/fs/WindowsException'> (0x00000000e112fa28) thrown at [C:\src\android\AOSP-openjdk\external\jetbrains\jdk\hotspot\src\share\vm\prims\jni.cpp, line 709]
Event: 607.509 Thread 0x000000001b859000 Implicit null exception at 0x00000000045c4880 to 0x00000000045c4ad9
Event: 2533.405 Thread 0x000000001f0be800 Exception <a 'java/lang/ClassNotFoundException': asLocalRepo20_4hp5lzfravbrditgobye2u8y0BeanInfo> (0x00000000e1adaaa0) thrown at [C:\src\android\AOSP-openjdk\external\jetbrains\jdk\hotspot\src\share\vm\classfile\systemDictionary.cpp, line 210]
Event: 2533.406 Thread 0x000000001f0be800 Exception <a 'java/lang/ClassNotFoundException': asLocalRepo20_4hp5lzfravbrditgobye2u8y0Customizer> (0x00000000e1ae45a0) thrown at [C:\src\android\AOSP-openjdk\external\jetbrains\jdk\hotspot\src\share\vm\classfile\systemDictionary.cpp, line 210]
Event: 2533.432 Thread 0x000000001f0be800 Implicit null exception at 0x000000000352e757 to 0x000000000352ea11
Event: 2534.587 Thread 0x000000001f0be800 Implicit null exception at 0x00000000042ca3bf to 0x00000000042ca5b5
Event: 2534.587 Thread 0x000000001f0be800 Exception <a 'sun/nio/fs/WindowsException'> (0x00000000e5e2bfe0) thrown at [C:\src\android\AOSP-openjdk\external\jetbrains\jdk\hotspot\src\share\vm\prims\jni.cpp, line 709]
Event: 2534.627 Thread 0x000000001f0be800 Exception <a 'java/lang/reflect/InvocationTargetException'> (0x00000000e5f34d30) thrown at [C:\src\android\AOSP-openjdk\external\jetbrains\jdk\hotspot\src\share\vm\runtime\reflection.cpp, line 1092]

Events (10 events):
Event: 2535.206 Executing VM operation: RevokeBias done
Event: 2535.206 Executing VM operation: RevokeBias
Event: 2535.206 Executing VM operation: RevokeBias done
Event: 2535.436 Executing VM operation: RevokeBias
Event: 2535.437 Executing VM operation: RevokeBias done
Event: 2535.439 Thread 0x000000001f0be800 Uncommon trap: trap_request=0xffffff65 fr.pc=0x000000000462f30c
Event: 2535.439 Thread 0x000000001f0be800 DEOPT PACKING pc=0x000000000462f30c sp=0x000000001a8bcb10
Event: 2535.440 Thread 0x000000001f0be800 DEOPT UNPACKING pc=0x000000000303556a sp=0x000000001a8bcac0 mode 2
Event: 2535.442 loading class com/android/builder/internal/compiler/PreProcessCache$StoredItem
Event: 2535.442 loading class com/android/builder/internal/compiler/PreProcessCache$StoredItem done


Dynamic libraries:
0x00007ff64ed80000 - 0x00007ff64edb1000 	D:\Android\AndroidStudio\jre\bin\java.exe
0x00007ffe790f0000 - 0x00007ffe7929d000 	C:\Windows\SYSTEM32\ntdll.dll
0x00007ffe77740000 - 0x00007ffe7787e000 	C:\Windows\system32\KERNEL32.DLL
0x00007ffe76240000 - 0x00007ffe76355000 	C:\Windows\system32\KERNELBASE.dll
0x00007ffe772f0000 - 0x00007ffe7739a000 	C:\Windows\system32\ADVAPI32.dll
0x00007ffe76ab0000 - 0x00007ffe76c27000 	C:\Windows\system32\USER32.dll
0x00007ffe738c0000 - 0x00007ffe73b3b000 	C:\Windows\WinSxS\amd64_microsoft.windows.common-controls_6595b64144ccf1df_6.0.9600.18006_none_623f33d3ecbe86e8\COMCTL32.dll
0x00007ffe79040000 - 0x00007ffe790ea000 	C:\Windows\system32\msvcrt.dll
0x00007ffe77900000 - 0x00007ffe77959000 	C:\Windows\SYSTEM32\sechost.dll
0x00007ffe76f00000 - 0x00007ffe77040000 	C:\Windows\system32\RPCRT4.dll
0x00007ffe78ef0000 - 0x00007ffe7903f000 	C:\Windows\system32\GDI32.dll
0x00007ffe76440000 - 0x00007ffe7646e000 	C:\Windows\system32\SspiCli.dll
0x00007ffe76890000 - 0x00007ffe768c6000 	C:\Windows\system32\IMM32.DLL
0x00007ffe77190000 - 0x00007ffe772e2000 	C:\Windows\system32\MSCTF.dll
0x0000000071140000 - 0x0000000071212000 	D:\Android\AndroidStudio\jre\jre\bin\msvcr100.dll
0x0000000071220000 - 0x0000000071a54000 	D:\Android\AndroidStudio\jre\jre\bin\server\jvm.dll
0x00007ffe5ce70000 - 0x00007ffe5ce79000 	C:\Windows\SYSTEM32\WSOCK32.dll
0x00007ffe76410000 - 0x00007ffe76432000 	C:\Windows\system32\WINMM.dll
0x00007ffe73e90000 - 0x00007ffe73e9a000 	C:\Windows\SYSTEM32\VERSION.dll
0x00007ffe77040000 - 0x00007ffe77047000 	C:\Windows\system32\PSAPI.DLL
0x00007ffe778a0000 - 0x00007ffe778fa000 	C:\Windows\system32\WS2_32.dll
0x00007ffe75f20000 - 0x00007ffe75f4a000 	C:\Windows\system32\WINMMBASE.dll
0x00007ffe76cd0000 - 0x00007ffe76cd9000 	C:\Windows\system32\NSI.dll
0x00007ffe76360000 - 0x00007ffe763af000 	C:\Windows\SYSTEM32\cfgmgr32.dll
0x00007ffe75ed0000 - 0x00007ffe75ef8000 	C:\Windows\system32\DEVOBJ.dll
0x00007ffe71c60000 - 0x00007ffe71c6f000 	D:\Android\AndroidStudio\jre\jre\bin\verify.dll
0x00007ffe70560000 - 0x00007ffe70589000 	D:\Android\AndroidStudio\jre\jre\bin\java.dll
0x00007ffe71c40000 - 0x00007ffe71c56000 	D:\Android\AndroidStudio\jre\jre\bin\zip.dll
0x00007ffe77960000 - 0x00007ffe78e88000 	C:\Windows\system32\SHELL32.dll
0x00007ffe76670000 - 0x00007ffe76881000 	C:\Windows\SYSTEM32\combase.dll
0x00007ffe78e90000 - 0x00007ffe78ee4000 	C:\Windows\system32\SHLWAPI.dll
0x00007ffe74400000 - 0x00007ffe744b2000 	C:\Windows\SYSTEM32\SHCORE.dll
0x00007ffe75e20000 - 0x00007ffe75e35000 	C:\Windows\SYSTEM32\profapi.dll
0x00007ffe70520000 - 0x00007ffe7053a000 	D:\Android\AndroidStudio\jre\jre\bin\net.dll
0x00007ffe75710000 - 0x00007ffe75769000 	C:\Windows\system32\mswsock.dll
0x00007ffe6c5f0000 - 0x00007ffe6c601000 	D:\Android\AndroidStudio\jre\jre\bin\nio.dll
0x00007ffe6bfb0000 - 0x00007ffe6bfc2000 	C:\Users\บุ\.gradle\native\19\windows-amd64\native-platform.dll
0x00007ffe75770000 - 0x00007ffe75790000 	C:\Windows\SYSTEM32\CRYPTSP.dll
0x00007ffe75390000 - 0x00007ffe753c6000 	C:\Windows\system32\rsaenh.dll
0x00007ffe759c0000 - 0x00007ffe759e6000 	C:\Windows\SYSTEM32\bcrypt.dll
0x00007ffe754a0000 - 0x00007ffe754c1000 	C:\Windows\SYSTEM32\USERENV.dll
0x00007ffe75cf0000 - 0x00007ffe75d53000 	C:\Windows\system32\bcryptprimitives.dll
0x00007ffe75d60000 - 0x00007ffe75d6b000 	C:\Windows\SYSTEM32\CRYPTBASE.dll
0x00007ffe6fc00000 - 0x00007ffe6fc2a000 	C:\Windows\SYSTEM32\IPHLPAPI.DLL
0x00007ffe6fbd0000 - 0x00007ffe6fbda000 	C:\Windows\SYSTEM32\WINNSI.DLL
0x00007ffe6f0a0000 - 0x00007ffe6f0b6000 	C:\Windows\SYSTEM32\dhcpcsvc6.DLL
0x00007ffe6f1f0000 - 0x00007ffe6f20a000 	C:\Windows\SYSTEM32\dhcpcsvc.DLL
0x00007ffe70550000 - 0x00007ffe7055d000 	D:\Android\AndroidStudio\jre\jre\bin\management.dll
0x00007ffe64d60000 - 0x00007ffe64d84000 	D:\Android\AndroidStudio\jre\jre\bin\sunec.dll
0x00007ffe70610000 - 0x00007ffe7061b000 	D:\Android\AndroidStudio\jre\jre\bin\sunmscapi.dll
0x00007ffe75f50000 - 0x00007ffe7612f000 	C:\Windows\system32\CRYPT32.dll
0x00007ffe75f00000 - 0x00007ffe75f11000 	C:\Windows\system32\MSASN1.dll

VM Arguments:
jvm_args: -Xmx1536m -Dfile.encoding=GBK -Duser.country=CN -Duser.language=zh -Duser.variant 
java_command: org.gradle.launcher.daemon.bootstrap.GradleDaemon 2.14.1
java_class_path (initial): D:\Android\AndroidStudio\gradle\gradle-2.14.1\lib\gradle-launcher-2.14.1.jar
Launcher Type: SUN_STANDARD

Environment Variables:
JAVA_HOME=C:\Program Files\Java\jdk1.8.0_121
CLASSPATH=.;C:\Program Files\Java\jdk1.8.0_121\lib\tools.jar
PATH=C:\ProgramData\Oracle\Java\javapath;C:\Windows\system32;C:\Windows;C:\Windows\System32\Wbem;C:\Windows\System32\WindowsPowerShell\v1.0\;C:\Program Files (x86)\ATI Technologies\ATI.ACE\Core-Static;C:\Windows\system32\config\systemprofile\.dnx\bin;C:\Program Files\Microsoft DNX\Dnvm\;C:\Program Files (x86)\Windows Kits\8.1\Windows Performance Toolkit\;C:\Program Files\Microsoft SQL Server\130\Tools\Binn\;C:\Program Files (x86)\Microsoft Emulator Manager\1.0\;C:\Program Files (x86)\nodejs\;C:\Program Files\Git\cmd;C:\Program Files\TortoiseGit\bin;D:\Android\sdk\platform-tools;D:\Android\sdk\tools;C:\Program Files\Java\jdk1.8.0_121\binD:\Android\sdk\platform-tools;D:\Android\sdk\tools;C:\Cadence\SPB_16.5\tools\PSpice\Library;C:\Cadence\SPB_16.5\openaccess\bin\win32\opt;C:\Cadence\SPB_16.5\tools\capture;C:\Cadence\SPB_16.5\tools\pspice;C:\Cadence\SPB_16.5\tools\specctra\bin;C:\Cadence\SPB_16.5\tools\fet\bin;C:\Cadence\SPB_16.5\tools\libutil\bin;C:\Cadence\SPB_16.5\tools\bin;C:\Cadence\SPB_16.5\tools\pcb\bin;C:\Users\บุ\AppData\Roaming\npm;C:\Program Files\Java\jdk1.8.0_121\bin
USERNAME=บุ
OS=Windows_NT
PROCESSOR_IDENTIFIER=Intel64 Family 6 Model 60 Stepping 3, GenuineIntel



---------------  S Y S T E M  ---------------

OS: Windows 8.1 , 64 bit Build 9600 (6.3.9600.17415)

CPU:total 4 (2 cores per cpu, 2 threads per core) family 6 model 60 stepping 3, cmov, cx8, fxsr, mmx, sse, sse2, sse3, ssse3, sse4.1, sse4.2, popcnt, avx, avx2, aes, clmul, erms, lzcnt, ht, tsc, tscinvbit, bmi1, bmi2

Memory: 4k page, physical 4108652k(96264k free), swap 7254380k(5636k free)

vm_info: OpenJDK 64-Bit Server VM (25.76-b03) for windows-amd64 JRE (1.8.0_76-release-b03), built on Jun 29 2016 19:09:20 by "ralucas" with MS VC++ 10.0 (VS2010)

time: Wed Feb 08 19:19:10 2017
elapsed time: 2541 seconds (0d 0h 42m 21s)

